

Started GET "/assets/rails.png" for 127.0.0.1 at 2012-03-10 00:11:23 -0500

Mysql2::Error (Can't connect to local MySQL server through socket '/tmp/mysql.sock' (2)):
  mysql2 (0.3.11) lib/mysql2/client.rb:44:in `connect'
  mysql2 (0.3.11) lib/mysql2/client.rb:44:in `initialize'
  activerecord (3.2.2) lib/active_record/connection_adapters/mysql2_adapter.rb:16:in `new'
  activerecord (3.2.2) lib/active_record/connection_adapters/mysql2_adapter.rb:16:in `mysql2_connection'
  activerecord (3.2.2) lib/active_record/connection_adapters/abstract/connection_pool.rb:277:in `new_connection'
  activerecord (3.2.2) lib/active_record/connection_adapters/abstract/connection_pool.rb:287:in `checkout_new_connection'
  activerecord (3.2.2) lib/active_record/connection_adapters/abstract/connection_pool.rb:235:in `block (2 levels) in checkout'
  activerecord (3.2.2) lib/active_record/connection_adapters/abstract/connection_pool.rb:230:in `loop'
  activerecord (3.2.2) lib/active_record/connection_adapters/abstract/connection_pool.rb:230:in `block in checkout'
  /Users/alexanderriveiro/.rvm/rubies/ruby-1.9.3-p0/lib/ruby/1.9.1/monitor.rb:211:in `mon_synchronize'
  activerecord (3.2.2) lib/active_record/connection_adapters/abstract/connection_pool.rb:229:in `checkout'
  activerecord (3.2.2) lib/active_record/connection_adapters/abstract/connection_pool.rb:95:in `connection'
  activerecord (3.2.2) lib/active_record/connection_adapters/abstract/connection_pool.rb:374:in `retrieve_connection'
  activerecord (3.2.2) lib/active_record/connection_adapters/abstract/connection_specification.rb:168:in `retrieve_connection'
  activerecord (3.2.2) lib/active_record/connection_adapters/abstract/connection_specification.rb:142:in `connection'
  activerecord (3.2.2) lib/active_record/query_cache.rb:67:in `rescue in call'
  activerecord (3.2.2) lib/active_record/query_cache.rb:61:in `call'
  activerecord (3.2.2) lib/active_record/connection_adapters/abstract/connection_pool.rb:443:in `call'
  actionpack (3.2.2) lib/action_dispatch/middleware/callbacks.rb:28:in `block in call'
  activesupport (3.2.2) lib/active_support/callbacks.rb:405:in `_run__2621268943403775994__call__764808537268877834__callbacks'
  activesupport (3.2.2) lib/active_support/callbacks.rb:405:in `__run_callback'
  activesupport (3.2.2) lib/active_support/callbacks.rb:385:in `_run_call_callbacks'
  activesupport (3.2.2) lib/active_support/callbacks.rb:81:in `run_callbacks'
  actionpack (3.2.2) lib/action_dispatch/middleware/callbacks.rb:27:in `call'
  actionpack (3.2.2) lib/action_dispatch/middleware/reloader.rb:65:in `call'
  actionpack (3.2.2) lib/action_dispatch/middleware/remote_ip.rb:31:in `call'
  actionpack (3.2.2) lib/action_dispatch/middleware/debug_exceptions.rb:16:in `call'
  actionpack (3.2.2) lib/action_dispatch/middleware/show_exceptions.rb:56:in `call'
  railties (3.2.2) lib/rails/rack/logger.rb:26:in `call_app'
  railties (3.2.2) lib/rails/rack/logger.rb:16:in `call'
  actionpack (3.2.2) lib/action_dispatch/middleware/request_id.rb:22:in `call'
  rack (1.4.1) lib/rack/methodoverride.rb:21:in `call'
  rack (1.4.1) lib/rack/runtime.rb:17:in `call'
  activesupport (3.2.2) lib/active_support/cache/strategy/local_cache.rb:72:in `call'
  rack (1.4.1) lib/rack/lock.rb:15:in `call'
  actionpack (3.2.2) lib/action_dispatch/middleware/static.rb:61:in `call'
  railties (3.2.2) lib/rails/engine.rb:479:in `call'
  railties (3.2.2) lib/rails/application.rb:220:in `call'
  rack (1.4.1) lib/rack/content_length.rb:14:in `call'
  railties (3.2.2) lib/rails/rack/log_tailer.rb:14:in `call'
  rack (1.4.1) lib/rack/handler/webrick.rb:59:in `service'
  /Users/alexanderriveiro/.rvm/rubies/ruby-1.9.3-p0/lib/ruby/1.9.1/webrick/httpserver.rb:138:in `service'
  /Users/alexanderriveiro/.rvm/rubies/ruby-1.9.3-p0/lib/ruby/1.9.1/webrick/httpserver.rb:94:in `run'
  /Users/alexanderriveiro/.rvm/rubies/ruby-1.9.3-p0/lib/ruby/1.9.1/webrick/server.rb:191:in `block in start_thread'


  Rendered /Users/alexanderriveiro/.rvm/gems/ruby-1.9.3-p0/gems/actionpack-3.2.2/lib/action_dispatch/middleware/templates/rescues/_trace.erb (3.0ms)
  Rendered /Users/alexanderriveiro/.rvm/gems/ruby-1.9.3-p0/gems/actionpack-3.2.2/lib/action_dispatch/middleware/templates/rescues/_request_and_response.erb (2.5ms)
  Rendered /Users/alexanderriveiro/.rvm/gems/ruby-1.9.3-p0/gems/actionpack-3.2.2/lib/action_dispatch/middleware/templates/rescues/diagnostics.erb within rescues/layout (15.6ms)


Started GET "/" for 127.0.0.1 at 2012-03-17 19:32:48 -0500

Mysql2::Error (Can't connect to local MySQL server through socket '/tmp/mysql.sock' (2)):
  mysql2 (0.3.11) lib/mysql2/client.rb:44:in `connect'
  mysql2 (0.3.11) lib/mysql2/client.rb:44:in `initialize'
  activerecord (3.2.2) lib/active_record/connection_adapters/mysql2_adapter.rb:16:in `new'
  activerecord (3.2.2) lib/active_record/connection_adapters/mysql2_adapter.rb:16:in `mysql2_connection'
  activerecord (3.2.2) lib/active_record/connection_adapters/abstract/connection_pool.rb:277:in `new_connection'
  activerecord (3.2.2) lib/active_record/connection_adapters/abstract/connection_pool.rb:287:in `checkout_new_connection'
  activerecord (3.2.2) lib/active_record/connection_adapters/abstract/connection_pool.rb:235:in `block (2 levels) in checkout'
  activerecord (3.2.2) lib/active_record/connection_adapters/abstract/connection_pool.rb:230:in `loop'
  activerecord (3.2.2) lib/active_record/connection_adapters/abstract/connection_pool.rb:230:in `block in checkout'
  /Users/alexanderriveiro/.rvm/rubies/ruby-1.9.2-p290/lib/ruby/1.9.1/monitor.rb:201:in `mon_synchronize'
  activerecord (3.2.2) lib/active_record/connection_adapters/abstract/connection_pool.rb:229:in `checkout'
  activerecord (3.2.2) lib/active_record/connection_adapters/abstract/connection_pool.rb:95:in `connection'
  activerecord (3.2.2) lib/active_record/connection_adapters/abstract/connection_pool.rb:374:in `retrieve_connection'
  activerecord (3.2.2) lib/active_record/connection_adapters/abstract/connection_specification.rb:168:in `retrieve_connection'
  activerecord (3.2.2) lib/active_record/connection_adapters/abstract/connection_specification.rb:142:in `connection'
  activerecord (3.2.2) lib/active_record/query_cache.rb:67:in `rescue in call'
  activerecord (3.2.2) lib/active_record/query_cache.rb:61:in `call'
  activerecord (3.2.2) lib/active_record/connection_adapters/abstract/connection_pool.rb:443:in `call'
  actionpack (3.2.2) lib/action_dispatch/middleware/callbacks.rb:28:in `block in call'
  activesupport (3.2.2) lib/active_support/callbacks.rb:405:in `_run__1969174403525552838__call__2428604113690244532__callbacks'
  activesupport (3.2.2) lib/active_support/callbacks.rb:405:in `__run_callback'
  activesupport (3.2.2) lib/active_support/callbacks.rb:385:in `_run_call_callbacks'
  activesupport (3.2.2) lib/active_support/callbacks.rb:81:in `run_callbacks'
  actionpack (3.2.2) lib/action_dispatch/middleware/callbacks.rb:27:in `call'
  actionpack (3.2.2) lib/action_dispatch/middleware/reloader.rb:65:in `call'
  actionpack (3.2.2) lib/action_dispatch/middleware/remote_ip.rb:31:in `call'
  actionpack (3.2.2) lib/action_dispatch/middleware/debug_exceptions.rb:16:in `call'
  actionpack (3.2.2) lib/action_dispatch/middleware/show_exceptions.rb:56:in `call'
  railties (3.2.2) lib/rails/rack/logger.rb:26:in `call_app'
  railties (3.2.2) lib/rails/rack/logger.rb:16:in `call'
  actionpack (3.2.2) lib/action_dispatch/middleware/request_id.rb:22:in `call'
  rack (1.4.1) lib/rack/methodoverride.rb:21:in `call'
  rack (1.4.1) lib/rack/runtime.rb:17:in `call'
  activesupport (3.2.2) lib/active_support/cache/strategy/local_cache.rb:72:in `call'
  rack (1.4.1) lib/rack/lock.rb:15:in `call'
  actionpack (3.2.2) lib/action_dispatch/middleware/static.rb:61:in `call'
  railties (3.2.2) lib/rails/engine.rb:479:in `call'
  railties (3.2.2) lib/rails/application.rb:220:in `call'
  rack (1.4.1) lib/rack/content_length.rb:14:in `call'
  railties (3.2.2) lib/rails/rack/log_tailer.rb:14:in `call'
  rack (1.4.1) lib/rack/handler/webrick.rb:59:in `service'
  /Users/alexanderriveiro/.rvm/rubies/ruby-1.9.2-p290/lib/ruby/1.9.1/webrick/httpserver.rb:111:in `service'
  /Users/alexanderriveiro/.rvm/rubies/ruby-1.9.2-p290/lib/ruby/1.9.1/webrick/httpserver.rb:70:in `run'
  /Users/alexanderriveiro/.rvm/rubies/ruby-1.9.2-p290/lib/ruby/1.9.1/webrick/server.rb:183:in `block in start_thread'


  Rendered /Users/alexanderriveiro/.rvm/gems/ruby-1.9.2-p290/gems/actionpack-3.2.2/lib/action_dispatch/middleware/templates/rescues/_trace.erb (2.1ms)
  Rendered /Users/alexanderriveiro/.rvm/gems/ruby-1.9.2-p290/gems/actionpack-3.2.2/lib/action_dispatch/middleware/templates/rescues/_request_and_response.erb (28.2ms)
  Rendered /Users/alexanderriveiro/.rvm/gems/ruby-1.9.2-p290/gems/actionpack-3.2.2/lib/action_dispatch/middleware/templates/rescues/diagnostics.erb within rescues/layout (62.7ms)


Started GET "/" for 127.0.0.1 at 2012-03-17 19:34:11 -0500

Mysql2::Error (Can't connect to local MySQL server through socket '/tmp/mysql.sock' (2)):
  mysql2 (0.3.11) lib/mysql2/client.rb:44:in `connect'
  mysql2 (0.3.11) lib/mysql2/client.rb:44:in `initialize'
  activerecord (3.2.2) lib/active_record/connection_adapters/mysql2_adapter.rb:16:in `new'
  activerecord (3.2.2) lib/active_record/connection_adapters/mysql2_adapter.rb:16:in `mysql2_connection'
  activerecord (3.2.2) lib/active_record/connection_adapters/abstract/connection_pool.rb:277:in `new_connection'
  activerecord (3.2.2) lib/active_record/connection_adapters/abstract/connection_pool.rb:287:in `checkout_new_connection'
  activerecord (3.2.2) lib/active_record/connection_adapters/abstract/connection_pool.rb:235:in `block (2 levels) in checkout'
  activerecord (3.2.2) lib/active_record/connection_adapters/abstract/connection_pool.rb:230:in `loop'
  activerecord (3.2.2) lib/active_record/connection_adapters/abstract/connection_pool.rb:230:in `block in checkout'
  /Users/alexanderriveiro/.rvm/rubies/ruby-1.9.2-p290/lib/ruby/1.9.1/monitor.rb:201:in `mon_synchronize'
  activerecord (3.2.2) lib/active_record/connection_adapters/abstract/connection_pool.rb:229:in `checkout'
  activerecord (3.2.2) lib/active_record/connection_adapters/abstract/connection_pool.rb:95:in `connection'
  activerecord (3.2.2) lib/active_record/connection_adapters/abstract/connection_pool.rb:374:in `retrieve_connection'
  activerecord (3.2.2) lib/active_record/connection_adapters/abstract/connection_specification.rb:168:in `retrieve_connection'
  activerecord (3.2.2) lib/active_record/connection_adapters/abstract/connection_specification.rb:142:in `connection'
  activerecord (3.2.2) lib/active_record/query_cache.rb:67:in `rescue in call'
  activerecord (3.2.2) lib/active_record/query_cache.rb:61:in `call'
  activerecord (3.2.2) lib/active_record/connection_adapters/abstract/connection_pool.rb:443:in `call'
  actionpack (3.2.2) lib/action_dispatch/middleware/callbacks.rb:28:in `block in call'
  activesupport (3.2.2) lib/active_support/callbacks.rb:405:in `_run__3423417584246091195__call__675681152922464158__callbacks'
  activesupport (3.2.2) lib/active_support/callbacks.rb:405:in `__run_callback'
  activesupport (3.2.2) lib/active_support/callbacks.rb:385:in `_run_call_callbacks'
  activesupport (3.2.2) lib/active_support/callbacks.rb:81:in `run_callbacks'
  actionpack (3.2.2) lib/action_dispatch/middleware/callbacks.rb:27:in `call'
  actionpack (3.2.2) lib/action_dispatch/middleware/reloader.rb:65:in `call'
  actionpack (3.2.2) lib/action_dispatch/middleware/remote_ip.rb:31:in `call'
  actionpack (3.2.2) lib/action_dispatch/middleware/debug_exceptions.rb:16:in `call'
  actionpack (3.2.2) lib/action_dispatch/middleware/show_exceptions.rb:56:in `call'
  railties (3.2.2) lib/rails/rack/logger.rb:26:in `call_app'
  railties (3.2.2) lib/rails/rack/logger.rb:16:in `call'
  actionpack (3.2.2) lib/action_dispatch/middleware/request_id.rb:22:in `call'
  rack (1.4.1) lib/rack/methodoverride.rb:21:in `call'
  rack (1.4.1) lib/rack/runtime.rb:17:in `call'
  activesupport (3.2.2) lib/active_support/cache/strategy/local_cache.rb:72:in `call'
  rack (1.4.1) lib/rack/lock.rb:15:in `call'
  actionpack (3.2.2) lib/action_dispatch/middleware/static.rb:61:in `call'
  railties (3.2.2) lib/rails/engine.rb:479:in `call'
  railties (3.2.2) lib/rails/application.rb:220:in `call'
  rack (1.4.1) lib/rack/content_length.rb:14:in `call'
  railties (3.2.2) lib/rails/rack/log_tailer.rb:14:in `call'
  rack (1.4.1) lib/rack/handler/webrick.rb:59:in `service'
  /Users/alexanderriveiro/.rvm/rubies/ruby-1.9.2-p290/lib/ruby/1.9.1/webrick/httpserver.rb:111:in `service'
  /Users/alexanderriveiro/.rvm/rubies/ruby-1.9.2-p290/lib/ruby/1.9.1/webrick/httpserver.rb:70:in `run'
  /Users/alexanderriveiro/.rvm/rubies/ruby-1.9.2-p290/lib/ruby/1.9.1/webrick/server.rb:183:in `block in start_thread'


  Rendered /Users/alexanderriveiro/.rvm/gems/ruby-1.9.2-p290/gems/actionpack-3.2.2/lib/action_dispatch/middleware/templates/rescues/_trace.erb (3.2ms)
  Rendered /Users/alexanderriveiro/.rvm/gems/ruby-1.9.2-p290/gems/actionpack-3.2.2/lib/action_dispatch/middleware/templates/rescues/_request_and_response.erb (7.5ms)
  Rendered /Users/alexanderriveiro/.rvm/gems/ruby-1.9.2-p290/gems/actionpack-3.2.2/lib/action_dispatch/middleware/templates/rescues/diagnostics.erb within rescues/layout (19.3ms)


Started GET "/" for 127.0.0.1 at 2012-03-17 19:34:15 -0500

Mysql2::Error (Can't connect to local MySQL server through socket '/tmp/mysql.sock' (2)):
  mysql2 (0.3.11) lib/mysql2/client.rb:44:in `connect'
  mysql2 (0.3.11) lib/mysql2/client.rb:44:in `initialize'
  activerecord (3.2.2) lib/active_record/connection_adapters/mysql2_adapter.rb:16:in `new'
  activerecord (3.2.2) lib/active_record/connection_adapters/mysql2_adapter.rb:16:in `mysql2_connection'
  activerecord (3.2.2) lib/active_record/connection_adapters/abstract/connection_pool.rb:277:in `new_connection'
  activerecord (3.2.2) lib/active_record/connection_adapters/abstract/connection_pool.rb:287:in `checkout_new_connection'
  activerecord (3.2.2) lib/active_record/connection_adapters/abstract/connection_pool.rb:235:in `block (2 levels) in checkout'
  activerecord (3.2.2) lib/active_record/connection_adapters/abstract/connection_pool.rb:230:in `loop'
  activerecord (3.2.2) lib/active_record/connection_adapters/abstract/connection_pool.rb:230:in `block in checkout'
  /Users/alexanderriveiro/.rvm/rubies/ruby-1.9.2-p290/lib/ruby/1.9.1/monitor.rb:201:in `mon_synchronize'
  activerecord (3.2.2) lib/active_record/connection_adapters/abstract/connection_pool.rb:229:in `checkout'
  activerecord (3.2.2) lib/active_record/connection_adapters/abstract/connection_pool.rb:95:in `connection'
  activerecord (3.2.2) lib/active_record/connection_adapters/abstract/connection_pool.rb:374:in `retrieve_connection'
  activerecord (3.2.2) lib/active_record/connection_adapters/abstract/connection_specification.rb:168:in `retrieve_connection'
  activerecord (3.2.2) lib/active_record/connection_adapters/abstract/connection_specification.rb:142:in `connection'
  activerecord (3.2.2) lib/active_record/query_cache.rb:67:in `rescue in call'
  activerecord (3.2.2) lib/active_record/query_cache.rb:61:in `call'
  activerecord (3.2.2) lib/active_record/connection_adapters/abstract/connection_pool.rb:443:in `call'
  actionpack (3.2.2) lib/action_dispatch/middleware/callbacks.rb:28:in `block in call'
  activesupport (3.2.2) lib/active_support/callbacks.rb:405:in `_run__3423417584246091195__call__675681152922464158__callbacks'
  activesupport (3.2.2) lib/active_support/callbacks.rb:405:in `__run_callback'
  activesupport (3.2.2) lib/active_support/callbacks.rb:385:in `_run_call_callbacks'
  activesupport (3.2.2) lib/active_support/callbacks.rb:81:in `run_callbacks'
  actionpack (3.2.2) lib/action_dispatch/middleware/callbacks.rb:27:in `call'
  actionpack (3.2.2) lib/action_dispatch/middleware/reloader.rb:65:in `call'
  actionpack (3.2.2) lib/action_dispatch/middleware/remote_ip.rb:31:in `call'
  actionpack (3.2.2) lib/action_dispatch/middleware/debug_exceptions.rb:16:in `call'
  actionpack (3.2.2) lib/action_dispatch/middleware/show_exceptions.rb:56:in `call'
  railties (3.2.2) lib/rails/rack/logger.rb:26:in `call_app'
  railties (3.2.2) lib/rails/rack/logger.rb:16:in `call'
  actionpack (3.2.2) lib/action_dispatch/middleware/request_id.rb:22:in `call'
  rack (1.4.1) lib/rack/methodoverride.rb:21:in `call'
  rack (1.4.1) lib/rack/runtime.rb:17:in `call'
  activesupport (3.2.2) lib/active_support/cache/strategy/local_cache.rb:72:in `call'
  rack (1.4.1) lib/rack/lock.rb:15:in `call'
  actionpack (3.2.2) lib/action_dispatch/middleware/static.rb:61:in `call'
  railties (3.2.2) lib/rails/engine.rb:479:in `call'
  railties (3.2.2) lib/rails/application.rb:220:in `call'
  rack (1.4.1) lib/rack/content_length.rb:14:in `call'
  railties (3.2.2) lib/rails/rack/log_tailer.rb:14:in `call'
  rack (1.4.1) lib/rack/handler/webrick.rb:59:in `service'
  /Users/alexanderriveiro/.rvm/rubies/ruby-1.9.2-p290/lib/ruby/1.9.1/webrick/httpserver.rb:111:in `service'
  /Users/alexanderriveiro/.rvm/rubies/ruby-1.9.2-p290/lib/ruby/1.9.1/webrick/httpserver.rb:70:in `run'
  /Users/alexanderriveiro/.rvm/rubies/ruby-1.9.2-p290/lib/ruby/1.9.1/webrick/server.rb:183:in `block in start_thread'


  Rendered /Users/alexanderriveiro/.rvm/gems/ruby-1.9.2-p290/gems/actionpack-3.2.2/lib/action_dispatch/middleware/templates/rescues/_trace.erb (1.9ms)
  Rendered /Users/alexanderriveiro/.rvm/gems/ruby-1.9.2-p290/gems/actionpack-3.2.2/lib/action_dispatch/middleware/templates/rescues/_request_and_response.erb (1.0ms)
  Rendered /Users/alexanderriveiro/.rvm/gems/ruby-1.9.2-p290/gems/actionpack-3.2.2/lib/action_dispatch/middleware/templates/rescues/diagnostics.erb within rescues/layout (9.4ms)


Started GET "/" for 127.0.0.1 at 2012-03-17 20:39:56 -0500


Started GET "/" for 127.0.0.1 at 2012-03-17 20:39:56 -0500

Mysql2::Error (Unknown database 'geloow_development'):
  mysql2 (0.3.11) lib/mysql2/client.rb:44:in `connect'
  mysql2 (0.3.11) lib/mysql2/client.rb:44:in `initialize'
  activerecord (3.2.2) lib/active_record/connection_adapters/mysql2_adapter.rb:16:in `new'
  activerecord (3.2.2) lib/active_record/connection_adapters/mysql2_adapter.rb:16:in `mysql2_connection'
  activerecord (3.2.2) lib/active_record/connection_adapters/abstract/connection_pool.rb:277:in `new_connection'
  activerecord (3.2.2) lib/active_record/connection_adapters/abstract/connection_pool.rb:287:in `checkout_new_connection'
  activerecord (3.2.2) lib/active_record/connection_adapters/abstract/connection_pool.rb:235:in `block (2 levels) in checkout'
  activerecord (3.2.2) lib/active_record/connection_adapters/abstract/connection_pool.rb:230:in `loop'
  activerecord (3.2.2) lib/active_record/connection_adapters/abstract/connection_pool.rb:230:in `block in checkout'
  /Users/alexanderriveiro/.rvm/rubies/ruby-1.9.2-p290/lib/ruby/1.9.1/monitor.rb:201:in `mon_synchronize'
  activerecord (3.2.2) lib/active_record/connection_adapters/abstract/connection_pool.rb:229:in `checkout'
  activerecord (3.2.2) lib/active_record/connection_adapters/abstract/connection_pool.rb:95:in `connection'
  activerecord (3.2.2) lib/active_record/connection_adapters/abstract/connection_pool.rb:374:in `retrieve_connection'
  activerecord (3.2.2) lib/active_record/connection_adapters/abstract/connection_specification.rb:168:in `retrieve_connection'
  activerecord (3.2.2) lib/active_record/connection_adapters/abstract/connection_specification.rb:142:in `connection'
  activerecord (3.2.2) lib/active_record/query_cache.rb:67:in `rescue in call'
  activerecord (3.2.2) lib/active_record/query_cache.rb:61:in `call'
  activerecord (3.2.2) lib/active_record/connection_adapters/abstract/connection_pool.rb:443:in `call'
  actionpack (3.2.2) lib/action_dispatch/middleware/callbacks.rb:28:in `block in call'
  activesupport (3.2.2) lib/active_support/callbacks.rb:405:in `_run__1851198069865797028__call__1198752580279189972__callbacks'
  activesupport (3.2.2) lib/active_support/callbacks.rb:405:in `__run_callback'
  activesupport (3.2.2) lib/active_support/callbacks.rb:385:in `_run_call_callbacks'
  activesupport (3.2.2) lib/active_support/callbacks.rb:81:in `run_callbacks'
  actionpack (3.2.2) lib/action_dispatch/middleware/callbacks.rb:27:in `call'
  actionpack (3.2.2) lib/action_dispatch/middleware/reloader.rb:65:in `call'
  actionpack (3.2.2) lib/action_dispatch/middleware/remote_ip.rb:31:in `call'
  actionpack (3.2.2) lib/action_dispatch/middleware/debug_exceptions.rb:16:in `call'
  actionpack (3.2.2) lib/action_dispatch/middleware/show_exceptions.rb:56:in `call'
  railties (3.2.2) lib/rails/rack/logger.rb:26:in `call_app'
  railties (3.2.2) lib/rails/rack/logger.rb:16:in `call'
  actionpack (3.2.2) lib/action_dispatch/middleware/request_id.rb:22:in `call'
  rack (1.4.1) lib/rack/methodoverride.rb:21:in `call'
  rack (1.4.1) lib/rack/runtime.rb:17:in `call'
  activesupport (3.2.2) lib/active_support/cache/strategy/local_cache.rb:72:in `call'
  rack (1.4.1) lib/rack/lock.rb:15:in `call'
  actionpack (3.2.2) lib/action_dispatch/middleware/static.rb:61:in `call'
  railties (3.2.2) lib/rails/engine.rb:479:in `call'
  railties (3.2.2) lib/rails/application.rb:220:in `call'
  rack (1.4.1) lib/rack/content_length.rb:14:in `call'
  railties (3.2.2) lib/rails/rack/log_tailer.rb:14:in `call'
  rack (1.4.1) lib/rack/handler/webrick.rb:59:in `service'
  /Users/alexanderriveiro/.rvm/rubies/ruby-1.9.2-p290/lib/ruby/1.9.1/webrick/httpserver.rb:111:in `service'
  /Users/alexanderriveiro/.rvm/rubies/ruby-1.9.2-p290/lib/ruby/1.9.1/webrick/httpserver.rb:70:in `run'
  /Users/alexanderriveiro/.rvm/rubies/ruby-1.9.2-p290/lib/ruby/1.9.1/webrick/server.rb:183:in `block in start_thread'


  Rendered /Users/alexanderriveiro/.rvm/gems/ruby-1.9.2-p290/gems/actionpack-3.2.2/lib/action_dispatch/middleware/templates/rescues/_trace.erb (2.4ms)
  Rendered /Users/alexanderriveiro/.rvm/gems/ruby-1.9.2-p290/gems/actionpack-3.2.2/lib/action_dispatch/middleware/templates/rescues/_request_and_response.erb (23.9ms)
  Rendered /Users/alexanderriveiro/.rvm/gems/ruby-1.9.2-p290/gems/actionpack-3.2.2/lib/action_dispatch/middleware/templates/rescues/diagnostics.erb within rescues/layout (39.5ms)
  [1m[36m (222.3ms)[0m  [1mCREATE TABLE `schema_migrations` (`version` varchar(255) NOT NULL) ENGINE=InnoDB[0m
  [1m[35m (300.7ms)[0m  CREATE UNIQUE INDEX `unique_schema_migrations` ON `schema_migrations` (`version`)
  [1m[36m (0.3ms)[0m  [1mSELECT `schema_migrations`.`version` FROM `schema_migrations` [0m


Started GET "/" for 127.0.0.1 at 2012-03-17 23:56:28 -0500

ActionController::RoutingError (No route matches [GET] "/"):
  actionpack (3.2.2) lib/action_dispatch/middleware/debug_exceptions.rb:21:in `call'
  actionpack (3.2.2) lib/action_dispatch/middleware/show_exceptions.rb:56:in `call'
  railties (3.2.2) lib/rails/rack/logger.rb:26:in `call_app'
  railties (3.2.2) lib/rails/rack/logger.rb:16:in `call'
  actionpack (3.2.2) lib/action_dispatch/middleware/request_id.rb:22:in `call'
  rack (1.4.1) lib/rack/methodoverride.rb:21:in `call'
  rack (1.4.1) lib/rack/runtime.rb:17:in `call'
  activesupport (3.2.2) lib/active_support/cache/strategy/local_cache.rb:72:in `call'
  rack (1.4.1) lib/rack/lock.rb:15:in `call'
  actionpack (3.2.2) lib/action_dispatch/middleware/static.rb:61:in `call'
  railties (3.2.2) lib/rails/engine.rb:479:in `call'
  railties (3.2.2) lib/rails/application.rb:220:in `call'
  rack (1.4.1) lib/rack/content_length.rb:14:in `call'
  railties (3.2.2) lib/rails/rack/log_tailer.rb:14:in `call'
  rack (1.4.1) lib/rack/handler/webrick.rb:59:in `service'
  /Users/alexanderriveiro/.rvm/rubies/ruby-1.9.2-p290/lib/ruby/1.9.1/webrick/httpserver.rb:111:in `service'
  /Users/alexanderriveiro/.rvm/rubies/ruby-1.9.2-p290/lib/ruby/1.9.1/webrick/httpserver.rb:70:in `run'
  /Users/alexanderriveiro/.rvm/rubies/ruby-1.9.2-p290/lib/ruby/1.9.1/webrick/server.rb:183:in `block in start_thread'


  Rendered /Users/alexanderriveiro/.rvm/gems/ruby-1.9.2-p290/gems/actionpack-3.2.2/lib/action_dispatch/middleware/templates/rescues/routing_error.erb within rescues/layout (0.7ms)


Started GET "/" for 127.0.0.1 at 2012-03-17 23:58:30 -0500

ActionController::RoutingError (No route matches [GET] "/"):
  actionpack (3.2.2) lib/action_dispatch/middleware/debug_exceptions.rb:21:in `call'
  actionpack (3.2.2) lib/action_dispatch/middleware/show_exceptions.rb:56:in `call'
  railties (3.2.2) lib/rails/rack/logger.rb:26:in `call_app'
  railties (3.2.2) lib/rails/rack/logger.rb:16:in `call'
  actionpack (3.2.2) lib/action_dispatch/middleware/request_id.rb:22:in `call'
  rack (1.4.1) lib/rack/methodoverride.rb:21:in `call'
  rack (1.4.1) lib/rack/runtime.rb:17:in `call'
  activesupport (3.2.2) lib/active_support/cache/strategy/local_cache.rb:72:in `call'
  rack (1.4.1) lib/rack/lock.rb:15:in `call'
  actionpack (3.2.2) lib/action_dispatch/middleware/static.rb:61:in `call'
  railties (3.2.2) lib/rails/engine.rb:479:in `call'
  railties (3.2.2) lib/rails/application.rb:220:in `call'
  rack (1.4.1) lib/rack/content_length.rb:14:in `call'
  railties (3.2.2) lib/rails/rack/log_tailer.rb:14:in `call'
  rack (1.4.1) lib/rack/handler/webrick.rb:59:in `service'
  /Users/alexanderriveiro/.rvm/rubies/ruby-1.9.2-p290/lib/ruby/1.9.1/webrick/httpserver.rb:111:in `service'
  /Users/alexanderriveiro/.rvm/rubies/ruby-1.9.2-p290/lib/ruby/1.9.1/webrick/httpserver.rb:70:in `run'
  /Users/alexanderriveiro/.rvm/rubies/ruby-1.9.2-p290/lib/ruby/1.9.1/webrick/server.rb:183:in `block in start_thread'


  Rendered /Users/alexanderriveiro/.rvm/gems/ruby-1.9.2-p290/gems/actionpack-3.2.2/lib/action_dispatch/middleware/templates/rescues/routing_error.erb within rescues/layout (0.6ms)


Started GET "/" for 127.0.0.1 at 2012-03-17 23:58:32 -0500

ActionController::RoutingError (No route matches [GET] "/"):
  actionpack (3.2.2) lib/action_dispatch/middleware/debug_exceptions.rb:21:in `call'
  actionpack (3.2.2) lib/action_dispatch/middleware/show_exceptions.rb:56:in `call'
  railties (3.2.2) lib/rails/rack/logger.rb:26:in `call_app'
  railties (3.2.2) lib/rails/rack/logger.rb:16:in `call'
  actionpack (3.2.2) lib/action_dispatch/middleware/request_id.rb:22:in `call'
  rack (1.4.1) lib/rack/methodoverride.rb:21:in `call'
  rack (1.4.1) lib/rack/runtime.rb:17:in `call'
  activesupport (3.2.2) lib/active_support/cache/strategy/local_cache.rb:72:in `call'
  rack (1.4.1) lib/rack/lock.rb:15:in `call'
  actionpack (3.2.2) lib/action_dispatch/middleware/static.rb:61:in `call'
  railties (3.2.2) lib/rails/engine.rb:479:in `call'
  railties (3.2.2) lib/rails/application.rb:220:in `call'
  rack (1.4.1) lib/rack/content_length.rb:14:in `call'
  railties (3.2.2) lib/rails/rack/log_tailer.rb:14:in `call'
  rack (1.4.1) lib/rack/handler/webrick.rb:59:in `service'
  /Users/alexanderriveiro/.rvm/rubies/ruby-1.9.2-p290/lib/ruby/1.9.1/webrick/httpserver.rb:111:in `service'
  /Users/alexanderriveiro/.rvm/rubies/ruby-1.9.2-p290/lib/ruby/1.9.1/webrick/httpserver.rb:70:in `run'
  /Users/alexanderriveiro/.rvm/rubies/ruby-1.9.2-p290/lib/ruby/1.9.1/webrick/server.rb:183:in `block in start_thread'


  Rendered /Users/alexanderriveiro/.rvm/gems/ruby-1.9.2-p290/gems/actionpack-3.2.2/lib/action_dispatch/middleware/templates/rescues/routing_error.erb within rescues/layout (0.9ms)


Started GET "/" for 127.0.0.1 at 2012-03-17 23:59:55 -0500
Processing by HomeController#index as HTML
  Rendered home/index.html.haml within layouts/application (1.0ms)
Compiled home.css  (91ms)  (pid 14324)
Compiled application.css  (101ms)  (pid 14324)
Compiled jquery.js  (2ms)  (pid 14324)
Compiled jquery_ujs.js  (0ms)  (pid 14324)
Compiled home.js  (491ms)  (pid 14324)
Compiled application.js  (561ms)  (pid 14324)
Completed 200 OK in 788ms (Views: 787.4ms | ActiveRecord: 0.0ms)


Started GET "/assets/application.css?body=1" for 127.0.0.1 at 2012-03-17 23:59:56 -0500
Served asset /application.css - 304 Not Modified (7ms)


Started GET "/assets/home.css?body=1" for 127.0.0.1 at 2012-03-17 23:59:56 -0500
Served asset /home.css - 200 OK (2ms)


Started GET "/assets/jquery.js?body=1" for 127.0.0.1 at 2012-03-17 23:59:56 -0500
Served asset /jquery.js - 200 OK (2ms)


Started GET "/assets/jquery_ujs.js?body=1" for 127.0.0.1 at 2012-03-17 23:59:56 -0500
Served asset /jquery_ujs.js - 200 OK (3ms)


Started GET "/assets/home.js?body=1" for 127.0.0.1 at 2012-03-17 23:59:56 -0500
Served asset /home.js - 200 OK (1ms)


Started GET "/assets/application.js?body=1" for 127.0.0.1 at 2012-03-17 23:59:56 -0500
Served asset /application.js - 200 OK (5ms)
